[+] Containers:
 |- [+] Container: /Game/Levels/Mundo/MunodBisku
 |   |- [+] ActorDescs:
 |   |   |- Guid:05C47DF14D7F0238B0D1AC917D3BCD94 BaseClass: NativeClass:/Script/Engine.StaticMeshActor Name:StaticMeshActor_UAID_18C04D45E5A1D9F101_1649182853 Label:SM_Forge_FloorDamaged SpatiallyLoaded:1 Bounds:IsValid=true, Min=(X=2777.044 Y=-110.188 Z=21.126), Max=(X=3713.337 Y=1015.108 Z=204.718) RuntimeGrid:None EditorOnly:0 RuntimeOnly:0 HLODRelevant:1 ListedInSceneOutliner:1 IsMainWorldOnly:0
 |   |   |- Guid:0B99D677438A79C55D9DDE9DDB227B51 BaseClass: NativeClass:/Script/Engine.StaticMeshActor Name:StaticMeshActor_UAID_A4AE111137DC5EFB00_1110535423 Label:SM_SkySphere SpatiallyLoaded:0 Bounds:IsValid=true, Min=(X=-1638400.000 Y=-1638400.000 Z=-1638400.000), Max=(X=1638400.000 Y=1638400.000 Z=1638400.000) RuntimeGrid:None EditorOnly:0 RuntimeOnly:0 HLODRelevant:0 ListedInSceneOutliner:1 IsMainWorldOnly:0 FolderPath:Lighting FolderGuid:963EC3EB4002CCE9759E2EBA541A873A
 |   |   |- Guid:233E478C480BA34C294BA2BB56B0162B BaseClass: NativeClass:/Script/Landscape.LandscapeStreamingProxy Name:LandscapeStreamingProxy_A7WXBU4D8TLM875GZ4ZX9K9XC_126_2_1_0 Label:LandscapeStreamingProxy_2_1_0 SpatiallyLoaded:1 Bounds:IsValid=true, Min=(X=6300.000 Y=-6300.000 Z=100.000), Max=(X=18900.000 Y=6300.000 Z=100.000) RuntimeGrid:None EditorOnly:0 RuntimeOnly:0 HLODRelevant:1 ListedInSceneOutliner:1 IsMainWorldOnly:0
 |   |   |- Guid:23BB14684387775A774312B068853C0B BaseClass: NativeClass:/Script/Landscape.LandscapeStreamingProxy Name:LandscapeStreamingProxy_A7WXBU4D8TLM875GZ4ZX9K9XC_126_1_0_0 Label:LandscapeStreamingProxy_1_0_0 SpatiallyLoaded:1 Bounds:IsValid=true, Min=(X=-6300.000 Y=-18900.000 Z=100.000), Max=(X=6300.000 Y=-6300.000 Z=100.000) RuntimeGrid:None EditorOnly:0 RuntimeOnly:0 HLODRelevant:1 ListedInSceneOutliner:1 IsMainWorldOnly:0
 |   |   |- Guid:3291639247D2D0BE798E719BD1842B5F BaseClass: NativeClass:/Script/Engine.StaticMeshActor Name:StaticMeshActor_UAID_18C04D45E5A1D9F101_1624604852 Label:SM_Forge_FacesideR SpatiallyLoaded:1 Bounds:IsValid=true, Min=(X=1150.928 Y=166.828 Z=90.252), Max=(X=1450.522 Y=606.642 Z=498.091) RuntimeGrid:None EditorOnly:0 RuntimeOnly:0 HLODRelevant:1 ListedInSceneOutliner:1 IsMainWorldOnly:0
 |   |   |- Guid:352FF2AC4783D26F8823F3BBE99DF0C1 BaseClass: NativeClass:/Script/Engine.StaticMeshActor Name:StaticMeshActor_UAID_18C04D45E5A1D9F101_1608670851 Label:SM_Forge_Face_Damaged SpatiallyLoaded:1 Bounds:IsValid=true, Min=(X=1062.357 Y=367.139 Z=72.231), Max=(X=1334.726 Y=964.605 Z=592.099) RuntimeGrid:None EditorOnly:0 RuntimeOnly:0 HLODRelevant:1 ListedInSceneOutliner:1 IsMainWorldOnly:0
 |   |   |- Guid:379A6C92480DBC06E21B05B3C8A71873 BaseClass:/Game/ContenidoAgregado/ItemAgarrar/BP_PowerUp.BP_PowerUp_C NativeClass:/Script/Engine.Actor Name:BP_PowerUp_C_UAID_18C04D45E5A1D7F101_1667039497 Label:BP_PowerUp SpatiallyLoaded:1 Bounds:IsValid=true, Min=(X=2377.241 Y=620.294 Z=118.355), Max=(X=2425.019 Y=679.242 Z=190.355) RuntimeGrid:None EditorOnly:0 RuntimeOnly:0 HLODRelevant:0 ListedInSceneOutliner:1 IsMainWorldOnly:0
 |   |   |- Guid:38E9B7014C8DCE58F90CADAA780AF4FF BaseClass: NativeClass:/Script/Engine.StaticMeshActor Name:StaticMeshActor_UAID_18C04D45E5A1D9F101_1742985857 Label:Fire_Plate_Floor_1 SpatiallyLoaded:1 Bounds:IsValid=true, Min=(X=2519.256 Y=106.434 Z=100.000), Max=(X=3159.256 Y=746.434 Z=104.000) RuntimeGrid:None EditorOnly:0 RuntimeOnly:0 HLODRelevant:1 ListedInSceneOutliner:1 IsMainWorldOnly:0
 |   |   |- Guid:399F9B644CEEAE292492F083A08D1BA1 BaseClass: NativeClass:/Script/Engine.StaticMeshActor Name:StaticMeshActor_UAID_18C04D45E5A1D9F101_1706315855 Label:Fire_Plate_Wall_2 SpatiallyLoaded:1 Bounds:IsValid=true, Min=(X=3290.074 Y=180.113 Z=128.834), Max=(X=3420.342 Y=692.113 Z=640.834) RuntimeGrid:None EditorOnly:0 RuntimeOnly:0 HLODRelevant:1 ListedInSceneOutliner:1 IsMainWorldOnly:0
 |   |   |- Guid:3FC130DE4DE451B82FF0D4BDF4032ECC BaseClass: NativeClass:/Script/Engine.SkyAtmosphere Name:SkyAtmosphere_0 Label:SkyAtmosphere SpatiallyLoaded:0 Bounds:IsValid=true, Min=(X=0.000 Y=0.000 Z=1020.000), Max=(X=0.000 Y=0.000 Z=1020.000) RuntimeGrid:None EditorOnly:0 RuntimeOnly:0 HLODRelevant:0 ListedInSceneOutliner:1 IsMainWorldOnly:0 FolderPath:Lighting FolderGuid:963EC3EB4002CCE9759E2EBA541A873A
 |   |   |- Guid:44AAA24548E62B5019AE8E940B7F797F BaseClass: NativeClass:/Script/Landscape.LandscapeStreamingProxy Name:LandscapeStreamingProxy_A7WXBU4D8TLM875GZ4ZX9K9XC_126_2_0_0 Label:LandscapeStreamingProxy_2_0_0 SpatiallyLoaded:1 Bounds:IsValid=true, Min=(X=6300.000 Y=-18900.000 Z=100.000), Max=(X=18900.000 Y=-6300.000 Z=100.000) RuntimeGrid:None EditorOnly:0 RuntimeOnly:0 HLODRelevant:1 ListedInSceneOutliner:1 IsMainWorldOnly:0
 |   |   |- Guid:452BD06B4040C5BE7ACE02A013571726 BaseClass: NativeClass:/Script/Landscape.Landscape Name:Landscape_UAID_18C04D45E5A1D8F101_1823167674 Label:Landscape SpatiallyLoaded:0 Bounds:IsValid=true, Min=(X=-18900.000 Y=-18900.000 Z=100.000), Max=(X=-18900.000 Y=-18900.000 Z=100.000) RuntimeGrid:None EditorOnly:0 RuntimeOnly:0 HLODRelevant:0 ListedInSceneOutliner:1 IsMainWorldOnly:0
 |   |   |- Guid:476B72754145251C17BDC08FF32D6B4D BaseClass:/Game/ContenidoAgregado/ItemAgarrar/BP_Coin.BP_Coin_C NativeClass:/Script/Engine.Actor Name:BP_Coin_C_UAID_18C04D45E5A1D7F101_1627923495 Label:BP_Coin SpatiallyLoaded:1 Bounds:IsValid=true, Min=(X=2339.439 Y=299.287 Z=156.486), Max=(X=2368.239 Y=356.887 Z=214.086) RuntimeGrid:None EditorOnly:0 RuntimeOnly:0 HLODRelevant:0 ListedInSceneOutliner:1 IsMainWorldOnly:0
 |   |   |- Guid:48D07EB84AD0F8AB91CB92928EA59D8E BaseClass: NativeClass:/Script/Landscape.LandscapeStreamingProxy Name:LandscapeStreamingProxy_A7WXBU4D8TLM875GZ4ZX9K9XC_126_2_2_0 Label:LandscapeStreamingProxy_2_2_0 SpatiallyLoaded:1 Bounds:IsValid=true, Min=(X=6300.000 Y=6300.000 Z=100.000), Max=(X=18900.000 Y=18900.000 Z=100.000) RuntimeGrid:None EditorOnly:0 RuntimeOnly:0 HLODRelevant:1 ListedInSceneOutliner:1 IsMainWorldOnly:0
 |   |   |- Guid:5228BAC543E3E2A2000506B664EA142F BaseClass: NativeClass:/Script/Landscape.LandscapeStreamingProxy Name:LandscapeStreamingProxy_A7WXBU4D8TLM875GZ4ZX9K9XC_126_1_2_0 Label:LandscapeStreamingProxy_1_2_0 SpatiallyLoaded:1 Bounds:IsValid=true, Min=(X=-6300.000 Y=6300.000 Z=100.000), Max=(X=6300.000 Y=18900.000 Z=100.000) RuntimeGrid:None EditorOnly:0 RuntimeOnly:0 HLODRelevant:1 ListedInSceneOutliner:1 IsMainWorldOnly:0
 |   |   |- Guid:57925231477A981FD51E12ACCEBB124E BaseClass: NativeClass:/Script/Engine.StaticMeshActor Name:StaticMeshActor_1 Label:SM_Cube SpatiallyLoaded:1 Bounds:IsValid=true, Min=(X=0.000 Y=0.000 Z=-50.000), Max=(X=3000.000 Y=3500.000 Z=0.000) RuntimeGrid:None EditorOnly:0 RuntimeOnly:0 HLODRelevant:1 ListedInSceneOutliner:1 IsMainWorldOnly:0 FolderPath:Playground FolderGuid:C73F09FC4215536B1DCE2A9E0A830C70
 |   |   |- Guid:5B00E5884FD50C219922FB98ECADB9DB BaseClass: NativeClass:/Script/Engine.WorldDataLayers Name:WorldDataLayers Label:WorldDataLayers SpatiallyLoaded:0 Bounds:Invalid RuntimeGrid:None EditorOnly:0 RuntimeOnly:0 HLODRelevant:0 ListedInSceneOutliner:1 IsMainWorldOnly:1
 |   |   |- Guid:603E182441982847CBD3CC8888333D2F BaseClass: NativeClass:/Script/Landscape.LandscapeStreamingProxy Name:LandscapeStreamingProxy_A7WXBU4D8TLM875GZ4ZX9K9XC_126_0_1_0 Label:LandscapeStreamingProxy_0_1_0 SpatiallyLoaded:1 Bounds:IsValid=true, Min=(X=-18900.000 Y=-6300.000 Z=100.000), Max=(X=-6300.000 Y=6300.000 Z=100.000) RuntimeGrid:None EditorOnly:0 RuntimeOnly:0 HLODRelevant:1 ListedInSceneOutliner:1 IsMainWorldOnly:0
 |   |   |- Guid:69BD58874C93856475F6CCA375A9B893 BaseClass: NativeClass:/Script/Engine.PostProcessVolume Name:PostProcessVolume_0 Label:PostProcessVolume SpatiallyLoaded:0 Bounds:IsValid=true, Min=(X=0.000 Y=0.000 Z=400.000), Max=(X=200.000 Y=200.000 Z=600.000) RuntimeGrid:None EditorOnly:0 RuntimeOnly:0 HLODRelevant:0 ListedInSceneOutliner:1 IsMainWorldOnly:0 FolderPath:Lighting FolderGuid:963EC3EB4002CCE9759E2EBA541A873A
 |   |   |- Guid:7021D233413660B9E1466A8E3605796F BaseClass: NativeClass:/Script/Engine.StaticMeshActor Name:StaticMeshActor_UAID_18C04D45E5A1D9F101_1659671854 Label:SM_Forge_FloorDamaged2 SpatiallyLoaded:1 Bounds:IsValid=true, Min=(X=1978.814 Y=-126.028 Z=21.126), Max=(X=2915.107 Y=999.267 Z=204.718) RuntimeGrid:None EditorOnly:0 RuntimeOnly:0 HLODRelevant:1 ListedInSceneOutliner:1 IsMainWorldOnly:0
 |   |   |- Guid:964AD2514C34E88BFE014093E65E16D3 BaseClass: NativeClass:/Script/Engine.PlayerStart Name:PlayerStart_0 Label:PlayerStart SpatiallyLoaded:0 Bounds:IsValid=true, Min=(X=2816.690 Y=478.153 Z=115.248), Max=(X=2896.690 Y=558.153 Z=299.248) RuntimeGrid:None EditorOnly:0 RuntimeOnly:0 HLODRelevant:0 ListedInSceneOutliner:1 IsMainWorldOnly:0
 |   |   |- Guid:C17F079541F23ECADFE1FEAE0D9D5F26 BaseClass: NativeClass:/Script/Engine.DirectionalLight Name:DirectionalLight_0 Label:DirectionalLight SpatiallyLoaded:0 Bounds:Invalid RuntimeGrid:None EditorOnly:0 RuntimeOnly:0 HLODRelevant:0 ListedInSceneOutliner:1 IsMainWorldOnly:0 FolderPath:Lighting FolderGuid:963EC3EB4002CCE9759E2EBA541A873A
 |   |   |- Guid:C78161B4428710B38768D3A20824608A BaseClass: NativeClass:/Script/Engine.VolumetricCloud Name:VolumetricCloud_0 Label:VolumetricCloud SpatiallyLoaded:0 Bounds:IsValid=true, Min=(X=0.000 Y=0.000 Z=820.000), Max=(X=0.000 Y=0.000 Z=820.000) RuntimeGrid:None EditorOnly:0 RuntimeOnly:0 HLODRelevant:0 ListedInSceneOutliner:1 IsMainWorldOnly:0 FolderPath:Lighting FolderGuid:963EC3EB4002CCE9759E2EBA541A873A
 |   |   |- Guid:C7FE20DA474570559201D0A9C012F25A BaseClass: NativeClass:/Script/Landscape.LandscapeStreamingProxy Name:LandscapeStreamingProxy_A7WXBU4D8TLM875GZ4ZX9K9XC_126_1_1_0 Label:LandscapeStreamingProxy_1_1_0 SpatiallyLoaded:1 Bounds:IsValid=true, Min=(X=-6300.000 Y=-6300.000 Z=100.000), Max=(X=6300.000 Y=6300.000 Z=100.000) RuntimeGrid:None EditorOnly:0 RuntimeOnly:0 HLODRelevant:1 ListedInSceneOutliner:1 IsMainWorldOnly:0
 |   |   |- Guid:E2FE1D1543483BB9949004AAA176BF72 BaseClass: NativeClass:/Script/Engine.SkyLight Name:SkyLight_1 Label:SkyLight SpatiallyLoaded:0 Bounds:IsValid=true, Min=(X=0.000 Y=0.000 Z=690.000), Max=(X=0.000 Y=0.000 Z=690.000) RuntimeGrid:None EditorOnly:0 RuntimeOnly:0 HLODRelevant:0 ListedInSceneOutliner:1 IsMainWorldOnly:0 FolderPath:Lighting FolderGuid:963EC3EB4002CCE9759E2EBA541A873A
 |   |   |- Guid:E6E99F304BF49786B9A7E692516D7622 BaseClass: NativeClass:/Script/Landscape.LandscapeStreamingProxy Name:LandscapeStreamingProxy_A7WXBU4D8TLM875GZ4ZX9K9XC_126_0_2_0 Label:LandscapeStreamingProxy_0_2_0 SpatiallyLoaded:1 Bounds:IsValid=true, Min=(X=-18900.000 Y=6300.000 Z=100.000), Max=(X=-6300.000 Y=18900.000 Z=100.000) RuntimeGrid:None EditorOnly:0 RuntimeOnly:0 HLODRelevant:1 ListedInSceneOutliner:1 IsMainWorldOnly:0
 |   |   |- Guid:EEEC3D534BF4A09267AE5586FE7BC212 BaseClass: NativeClass:/Script/Engine.ExponentialHeightFog Name:ExponentialHeightFog_0 Label:ExponentialHeightFog SpatiallyLoaded:0 Bounds:IsValid=true, Min=(X=-5600.000 Y=-50.000 Z=-6850.000), Max=(X=-5600.000 Y=-50.000 Z=-6850.000) RuntimeGrid:None EditorOnly:0 RuntimeOnly:0 HLODRelevant:0 ListedInSceneOutliner:1 IsMainWorldOnly:0 FolderPath:Lighting FolderGuid:963EC3EB4002CCE9759E2EBA541A873A
 |   |   |- Guid:F255537B473D83AB73ACA0BDAF1C23EE BaseClass: NativeClass:/Script/Landscape.LandscapeStreamingProxy Name:LandscapeStreamingProxy_A7WXBU4D8TLM875GZ4ZX9K9XC_126_0_0_0 Label:LandscapeStreamingProxy_0_0_0 SpatiallyLoaded:1 Bounds:IsValid=true, Min=(X=-18900.000 Y=-18900.000 Z=100.000), Max=(X=-6300.000 Y=-6300.000 Z=100.000) RuntimeGrid:None EditorOnly:0 RuntimeOnly:0 HLODRelevant:1 ListedInSceneOutliner:1 IsMainWorldOnly:0
 |   |- [+] Clusters:
 |   |   |- [+] [  0]
 |   |   |   |- Guid:05C47DF14D7F0238B0D1AC917D3BCD94 BaseClass: NativeClass:/Script/Engine.StaticMeshActor Name:StaticMeshActor_UAID_18C04D45E5A1D9F101_1649182853 Label:SM_Forge_FloorDamaged SpatiallyLoaded:1 Bounds:IsValid=true, Min=(X=2777.044 Y=-110.188 Z=21.126), Max=(X=3713.337 Y=1015.108 Z=204.718) RuntimeGrid:None EditorOnly:0 RuntimeOnly:0 HLODRelevant:1 ListedInSceneOutliner:1 IsMainWorldOnly:0
 |   |   |- [+] [  1]
 |   |   |   |- Guid:0B99D677438A79C55D9DDE9DDB227B51 BaseClass: NativeClass:/Script/Engine.StaticMeshActor Name:StaticMeshActor_UAID_A4AE111137DC5EFB00_1110535423 Label:SM_SkySphere SpatiallyLoaded:0 Bounds:IsValid=true, Min=(X=-1638400.000 Y=-1638400.000 Z=-1638400.000), Max=(X=1638400.000 Y=1638400.000 Z=1638400.000) RuntimeGrid:None EditorOnly:0 RuntimeOnly:0 HLODRelevant:0 ListedInSceneOutliner:1 IsMainWorldOnly:0 FolderPath:Lighting FolderGuid:963EC3EB4002CCE9759E2EBA541A873A
 |   |   |- [+] [  2]
 |   |   |   |- Guid:233E478C480BA34C294BA2BB56B0162B BaseClass: NativeClass:/Script/Landscape.LandscapeStreamingProxy Name:LandscapeStreamingProxy_A7WXBU4D8TLM875GZ4ZX9K9XC_126_2_1_0 Label:LandscapeStreamingProxy_2_1_0 SpatiallyLoaded:1 Bounds:IsValid=true, Min=(X=6300.000 Y=-6300.000 Z=100.000), Max=(X=18900.000 Y=6300.000 Z=100.000) RuntimeGrid:None EditorOnly:0 RuntimeOnly:0 HLODRelevant:1 ListedInSceneOutliner:1 IsMainWorldOnly:0
 |   |   |- [+] [  3]
 |   |   |   |- Guid:23BB14684387775A774312B068853C0B BaseClass: NativeClass:/Script/Landscape.LandscapeStreamingProxy Name:LandscapeStreamingProxy_A7WXBU4D8TLM875GZ4ZX9K9XC_126_1_0_0 Label:LandscapeStreamingProxy_1_0_0 SpatiallyLoaded:1 Bounds:IsValid=true, Min=(X=-6300.000 Y=-18900.000 Z=100.000), Max=(X=6300.000 Y=-6300.000 Z=100.000) RuntimeGrid:None EditorOnly:0 RuntimeOnly:0 HLODRelevant:1 ListedInSceneOutliner:1 IsMainWorldOnly:0
 |   |   |- [+] [  4]
 |   |   |   |- Guid:3291639247D2D0BE798E719BD1842B5F BaseClass: NativeClass:/Script/Engine.StaticMeshActor Name:StaticMeshActor_UAID_18C04D45E5A1D9F101_1624604852 Label:SM_Forge_FacesideR SpatiallyLoaded:1 Bounds:IsValid=true, Min=(X=1150.928 Y=166.828 Z=90.252), Max=(X=1450.522 Y=606.642 Z=498.091) RuntimeGrid:None EditorOnly:0 RuntimeOnly:0 HLODRelevant:1 ListedInSceneOutliner:1 IsMainWorldOnly:0
 |   |   |- [+] [  5]
 |   |   |   |- Guid:352FF2AC4783D26F8823F3BBE99DF0C1 BaseClass: NativeClass:/Script/Engine.StaticMeshActor Name:StaticMeshActor_UAID_18C04D45E5A1D9F101_1608670851 Label:SM_Forge_Face_Damaged SpatiallyLoaded:1 Bounds:IsValid=true, Min=(X=1062.357 Y=367.139 Z=72.231), Max=(X=1334.726 Y=964.605 Z=592.099) RuntimeGrid:None EditorOnly:0 RuntimeOnly:0 HLODRelevant:1 ListedInSceneOutliner:1 IsMainWorldOnly:0
 |   |   |- [+] [  6]
 |   |   |   |- Guid:379A6C92480DBC06E21B05B3C8A71873 BaseClass:/Game/ContenidoAgregado/ItemAgarrar/BP_PowerUp.BP_PowerUp_C NativeClass:/Script/Engine.Actor Name:BP_PowerUp_C_UAID_18C04D45E5A1D7F101_1667039497 Label:BP_PowerUp SpatiallyLoaded:1 Bounds:IsValid=true, Min=(X=2377.241 Y=620.294 Z=118.355), Max=(X=2425.019 Y=679.242 Z=190.355) RuntimeGrid:None EditorOnly:0 RuntimeOnly:0 HLODRelevant:0 ListedInSceneOutliner:1 IsMainWorldOnly:0
 |   |   |- [+] [  7]
 |   |   |   |- Guid:38E9B7014C8DCE58F90CADAA780AF4FF BaseClass: NativeClass:/Script/Engine.StaticMeshActor Name:StaticMeshActor_UAID_18C04D45E5A1D9F101_1742985857 Label:Fire_Plate_Floor_1 SpatiallyLoaded:1 Bounds:IsValid=true, Min=(X=2519.256 Y=106.434 Z=100.000), Max=(X=3159.256 Y=746.434 Z=104.000) RuntimeGrid:None EditorOnly:0 RuntimeOnly:0 HLODRelevant:1 ListedInSceneOutliner:1 IsMainWorldOnly:0
 |   |   |- [+] [  8]
 |   |   |   |- Guid:399F9B644CEEAE292492F083A08D1BA1 BaseClass: NativeClass:/Script/Engine.StaticMeshActor Name:StaticMeshActor_UAID_18C04D45E5A1D9F101_1706315855 Label:Fire_Plate_Wall_2 SpatiallyLoaded:1 Bounds:IsValid=true, Min=(X=3290.074 Y=180.113 Z=128.834), Max=(X=3420.342 Y=692.113 Z=640.834) RuntimeGrid:None EditorOnly:0 RuntimeOnly:0 HLODRelevant:1 ListedInSceneOutliner:1 IsMainWorldOnly:0
 |   |   |- [+] [  9]
 |   |   |   |- Guid:3FC130DE4DE451B82FF0D4BDF4032ECC BaseClass: NativeClass:/Script/Engine.SkyAtmosphere Name:SkyAtmosphere_0 Label:SkyAtmosphere SpatiallyLoaded:0 Bounds:IsValid=true, Min=(X=0.000 Y=0.000 Z=1020.000), Max=(X=0.000 Y=0.000 Z=1020.000) RuntimeGrid:None EditorOnly:0 RuntimeOnly:0 HLODRelevant:0 ListedInSceneOutliner:1 IsMainWorldOnly:0 FolderPath:Lighting FolderGuid:963EC3EB4002CCE9759E2EBA541A873A
 |   |   |- [+] [ 10]
 |   |   |   |- Guid:44AAA24548E62B5019AE8E940B7F797F BaseClass: NativeClass:/Script/Landscape.LandscapeStreamingProxy Name:LandscapeStreamingProxy_A7WXBU4D8TLM875GZ4ZX9K9XC_126_2_0_0 Label:LandscapeStreamingProxy_2_0_0 SpatiallyLoaded:1 Bounds:IsValid=true, Min=(X=6300.000 Y=-18900.000 Z=100.000), Max=(X=18900.000 Y=-6300.000 Z=100.000) RuntimeGrid:None EditorOnly:0 RuntimeOnly:0 HLODRelevant:1 ListedInSceneOutliner:1 IsMainWorldOnly:0
 |   |   |- [+] [ 11]
 |   |   |   |- Guid:452BD06B4040C5BE7ACE02A013571726 BaseClass: NativeClass:/Script/Landscape.Landscape Name:Landscape_UAID_18C04D45E5A1D8F101_1823167674 Label:Landscape SpatiallyLoaded:0 Bounds:IsValid=true, Min=(X=-18900.000 Y=-18900.000 Z=100.000), Max=(X=-18900.000 Y=-18900.000 Z=100.000) RuntimeGrid:None EditorOnly:0 RuntimeOnly:0 HLODRelevant:0 ListedInSceneOutliner:1 IsMainWorldOnly:0
 |   |   |- [+] [ 12]
 |   |   |   |- Guid:476B72754145251C17BDC08FF32D6B4D BaseClass:/Game/ContenidoAgregado/ItemAgarrar/BP_Coin.BP_Coin_C NativeClass:/Script/Engine.Actor Name:BP_Coin_C_UAID_18C04D45E5A1D7F101_1627923495 Label:BP_Coin SpatiallyLoaded:1 Bounds:IsValid=true, Min=(X=2339.439 Y=299.287 Z=156.486), Max=(X=2368.239 Y=356.887 Z=214.086) RuntimeGrid:None EditorOnly:0 RuntimeOnly:0 HLODRelevant:0 ListedInSceneOutliner:1 IsMainWorldOnly:0
 |   |   |- [+] [ 13]
 |   |   |   |- Guid:48D07EB84AD0F8AB91CB92928EA59D8E BaseClass: NativeClass:/Script/Landscape.LandscapeStreamingProxy Name:LandscapeStreamingProxy_A7WXBU4D8TLM875GZ4ZX9K9XC_126_2_2_0 Label:LandscapeStreamingProxy_2_2_0 SpatiallyLoaded:1 Bounds:IsValid=true, Min=(X=6300.000 Y=6300.000 Z=100.000), Max=(X=18900.000 Y=18900.000 Z=100.000) RuntimeGrid:None EditorOnly:0 RuntimeOnly:0 HLODRelevant:1 ListedInSceneOutliner:1 IsMainWorldOnly:0
 |   |   |- [+] [ 14]
 |   |   |   |- Guid:5228BAC543E3E2A2000506B664EA142F BaseClass: NativeClass:/Script/Landscape.LandscapeStreamingProxy Name:LandscapeStreamingProxy_A7WXBU4D8TLM875GZ4ZX9K9XC_126_1_2_0 Label:LandscapeStreamingProxy_1_2_0 SpatiallyLoaded:1 Bounds:IsValid=true, Min=(X=-6300.000 Y=6300.000 Z=100.000), Max=(X=6300.000 Y=18900.000 Z=100.000) RuntimeGrid:None EditorOnly:0 RuntimeOnly:0 HLODRelevant:1 ListedInSceneOutliner:1 IsMainWorldOnly:0
 |   |   |- [+] [ 15]
 |   |   |   |- Guid:57925231477A981FD51E12ACCEBB124E BaseClass: NativeClass:/Script/Engine.StaticMeshActor Name:StaticMeshActor_1 Label:SM_Cube SpatiallyLoaded:1 Bounds:IsValid=true, Min=(X=0.000 Y=0.000 Z=-50.000), Max=(X=3000.000 Y=3500.000 Z=0.000) RuntimeGrid:None EditorOnly:0 RuntimeOnly:0 HLODRelevant:1 ListedInSceneOutliner:1 IsMainWorldOnly:0 FolderPath:Playground FolderGuid:C73F09FC4215536B1DCE2A9E0A830C70
 |   |   |- [+] [ 16]
 |   |   |   |- Guid:5B00E5884FD50C219922FB98ECADB9DB BaseClass: NativeClass:/Script/Engine.WorldDataLayers Name:WorldDataLayers Label:WorldDataLayers SpatiallyLoaded:0 Bounds:Invalid RuntimeGrid:None EditorOnly:0 RuntimeOnly:0 HLODRelevant:0 ListedInSceneOutliner:1 IsMainWorldOnly:1
 |   |   |- [+] [ 17]
 |   |   |   |- Guid:603E182441982847CBD3CC8888333D2F BaseClass: NativeClass:/Script/Landscape.LandscapeStreamingProxy Name:LandscapeStreamingProxy_A7WXBU4D8TLM875GZ4ZX9K9XC_126_0_1_0 Label:LandscapeStreamingProxy_0_1_0 SpatiallyLoaded:1 Bounds:IsValid=true, Min=(X=-18900.000 Y=-6300.000 Z=100.000), Max=(X=-6300.000 Y=6300.000 Z=100.000) RuntimeGrid:None EditorOnly:0 RuntimeOnly:0 HLODRelevant:1 ListedInSceneOutliner:1 IsMainWorldOnly:0
 |   |   |- [+] [ 18]
 |   |   |   |- Guid:69BD58874C93856475F6CCA375A9B893 BaseClass: NativeClass:/Script/Engine.PostProcessVolume Name:PostProcessVolume_0 Label:PostProcessVolume SpatiallyLoaded:0 Bounds:IsValid=true, Min=(X=0.000 Y=0.000 Z=400.000), Max=(X=200.000 Y=200.000 Z=600.000) RuntimeGrid:None EditorOnly:0 RuntimeOnly:0 HLODRelevant:0 ListedInSceneOutliner:1 IsMainWorldOnly:0 FolderPath:Lighting FolderGuid:963EC3EB4002CCE9759E2EBA541A873A
 |   |   |- [+] [ 19]
 |   |   |   |- Guid:7021D233413660B9E1466A8E3605796F BaseClass: NativeClass:/Script/Engine.StaticMeshActor Name:StaticMeshActor_UAID_18C04D45E5A1D9F101_1659671854 Label:SM_Forge_FloorDamaged2 SpatiallyLoaded:1 Bounds:IsValid=true, Min=(X=1978.814 Y=-126.028 Z=21.126), Max=(X=2915.107 Y=999.267 Z=204.718) RuntimeGrid:None EditorOnly:0 RuntimeOnly:0 HLODRelevant:1 ListedInSceneOutliner:1 IsMainWorldOnly:0
 |   |   |- [+] [ 20]
 |   |   |   |- Guid:964AD2514C34E88BFE014093E65E16D3 BaseClass: NativeClass:/Script/Engine.PlayerStart Name:PlayerStart_0 Label:PlayerStart SpatiallyLoaded:0 Bounds:IsValid=true, Min=(X=2816.690 Y=478.153 Z=115.248), Max=(X=2896.690 Y=558.153 Z=299.248) RuntimeGrid:None EditorOnly:0 RuntimeOnly:0 HLODRelevant:0 ListedInSceneOutliner:1 IsMainWorldOnly:0
 |   |   |- [+] [ 21]
 |   |   |   |- Guid:C17F079541F23ECADFE1FEAE0D9D5F26 BaseClass: NativeClass:/Script/Engine.DirectionalLight Name:DirectionalLight_0 Label:DirectionalLight SpatiallyLoaded:0 Bounds:Invalid RuntimeGrid:None EditorOnly:0 RuntimeOnly:0 HLODRelevant:0 ListedInSceneOutliner:1 IsMainWorldOnly:0 FolderPath:Lighting FolderGuid:963EC3EB4002CCE9759E2EBA541A873A
 |   |   |- [+] [ 22]
 |   |   |   |- Guid:C78161B4428710B38768D3A20824608A BaseClass: NativeClass:/Script/Engine.VolumetricCloud Name:VolumetricCloud_0 Label:VolumetricCloud SpatiallyLoaded:0 Bounds:IsValid=true, Min=(X=0.000 Y=0.000 Z=820.000), Max=(X=0.000 Y=0.000 Z=820.000) RuntimeGrid:None EditorOnly:0 RuntimeOnly:0 HLODRelevant:0 ListedInSceneOutliner:1 IsMainWorldOnly:0 FolderPath:Lighting FolderGuid:963EC3EB4002CCE9759E2EBA541A873A
 |   |   |- [+] [ 23]
 |   |   |   |- Guid:C7FE20DA474570559201D0A9C012F25A BaseClass: NativeClass:/Script/Landscape.LandscapeStreamingProxy Name:LandscapeStreamingProxy_A7WXBU4D8TLM875GZ4ZX9K9XC_126_1_1_0 Label:LandscapeStreamingProxy_1_1_0 SpatiallyLoaded:1 Bounds:IsValid=true, Min=(X=-6300.000 Y=-6300.000 Z=100.000), Max=(X=6300.000 Y=6300.000 Z=100.000) RuntimeGrid:None EditorOnly:0 RuntimeOnly:0 HLODRelevant:1 ListedInSceneOutliner:1 IsMainWorldOnly:0
 |   |   |- [+] [ 24]
 |   |   |   |- Guid:E2FE1D1543483BB9949004AAA176BF72 BaseClass: NativeClass:/Script/Engine.SkyLight Name:SkyLight_1 Label:SkyLight SpatiallyLoaded:0 Bounds:IsValid=true, Min=(X=0.000 Y=0.000 Z=690.000), Max=(X=0.000 Y=0.000 Z=690.000) RuntimeGrid:None EditorOnly:0 RuntimeOnly:0 HLODRelevant:0 ListedInSceneOutliner:1 IsMainWorldOnly:0 FolderPath:Lighting FolderGuid:963EC3EB4002CCE9759E2EBA541A873A
 |   |   |- [+] [ 25]
 |   |   |   |- Guid:E6E99F304BF49786B9A7E692516D7622 BaseClass: NativeClass:/Script/Landscape.LandscapeStreamingProxy Name:LandscapeStreamingProxy_A7WXBU4D8TLM875GZ4ZX9K9XC_126_0_2_0 Label:LandscapeStreamingProxy_0_2_0 SpatiallyLoaded:1 Bounds:IsValid=true, Min=(X=-18900.000 Y=6300.000 Z=100.000), Max=(X=-6300.000 Y=18900.000 Z=100.000) RuntimeGrid:None EditorOnly:0 RuntimeOnly:0 HLODRelevant:1 ListedInSceneOutliner:1 IsMainWorldOnly:0
 |   |   |- [+] [ 26]
 |   |   |   |- Guid:EEEC3D534BF4A09267AE5586FE7BC212 BaseClass: NativeClass:/Script/Engine.ExponentialHeightFog Name:ExponentialHeightFog_0 Label:ExponentialHeightFog SpatiallyLoaded:0 Bounds:IsValid=true, Min=(X=-5600.000 Y=-50.000 Z=-6850.000), Max=(X=-5600.000 Y=-50.000 Z=-6850.000) RuntimeGrid:None EditorOnly:0 RuntimeOnly:0 HLODRelevant:0 ListedInSceneOutliner:1 IsMainWorldOnly:0 FolderPath:Lighting FolderGuid:963EC3EB4002CCE9759E2EBA541A873A
 |   |   |- [+] [ 27]
 |   |   |   |- Guid:F255537B473D83AB73ACA0BDAF1C23EE BaseClass: NativeClass:/Script/Landscape.LandscapeStreamingProxy Name:LandscapeStreamingProxy_A7WXBU4D8TLM875GZ4ZX9K9XC_126_0_0_0 Label:LandscapeStreamingProxy_0_0_0 SpatiallyLoaded:1 Bounds:IsValid=true, Min=(X=-18900.000 Y=-18900.000 Z=100.000), Max=(X=-6300.000 Y=-6300.000 Z=100.000) RuntimeGrid:None EditorOnly:0 RuntimeOnly:0 HLODRelevant:1 ListedInSceneOutliner:1 IsMainWorldOnly:0
 |- ContainerInstances:
 |- [+] MainContainer:
 |   |-        ID: 00000000000000000000000000000000
 |   |-  ParentID: 00000000000000000000000000000000
 |   |-    Bounds: IsValid=false, Min=(X=0.000 Y=0.000 Z=0.000), Max=(X=0.000 Y=0.000 Z=0.000)
 |   |- Transform: 0.000000,0.000000,0.000000|0.000000,0.000000,-0.000000|1.000000,1.000000,1.000000
 |   |- Container: /Game/Levels/Mundo/MunodBisku
----------------------------------------------------------------------------------------------------------------
MunodBisku - Persistent Level
----------------------------------------------------------------------------------------------------------------
[+] Content of MunodBisku Persistent Level
 |- Always loaded Actor Count: 28 
 |- Actor Path: /Game/Levels/Mundo/MunodBisku.MunodBisku:PersistentLevel.BP_Coin_C_UAID_18C04D45E5A1D7F101_1627923495
 |- Actor Package: /Game/__ExternalActors__/Levels/Mundo/MunodBisku/2/OQ/L8R11RMYI022A9AG0UVO4K
 |- Actor Path: /Game/Levels/Mundo/MunodBisku.MunodBisku:PersistentLevel.BP_PowerUp_C_UAID_18C04D45E5A1D7F101_1667039497
 |- Actor Package: /Game/__ExternalActors__/Levels/Mundo/MunodBisku/0/U6/VSMYYJ6NUG11YRRGDS12R3
 |- Actor Path: /Game/Levels/Mundo/MunodBisku.MunodBisku:PersistentLevel.DirectionalLight_0
 |- Actor Package: /Game/__ExternalActors__/Levels/Mundo/MunodBisku/7/VN/41G3HLBSSAQZEQH818YLQ3
 |- Actor Path: /Game/Levels/Mundo/MunodBisku.MunodBisku:PersistentLevel.ExponentialHeightFog_0
 |- Actor Package: /Game/__ExternalActors__/Levels/Mundo/MunodBisku/8/GB/3ACLYKJGLHBI6OGJOOO9TH
 |- Actor Path: /Game/Levels/Mundo/MunodBisku.MunodBisku:PersistentLevel.Landscape_UAID_18C04D45E5A1D8F101_1823167674
 |- Actor Package: /Game/__ExternalActors__/Levels/Mundo/MunodBisku/8/Z3/CC3QJO6J1C250NIIXF5L6V
 |- Actor Path: /Game/Levels/Mundo/MunodBisku.MunodBisku:PersistentLevel.LandscapeStreamingProxy_A7WXBU4D8TLM875GZ4ZX9K9XC_126_0_0_0
 |- Actor Package: /Game/__ExternalActors__/Levels/Mundo/MunodBisku/A/55/0PLNRYB7ZJK984Z2PA5S3P
 |- Actor Path: /Game/Levels/Mundo/MunodBisku.MunodBisku:PersistentLevel.LandscapeStreamingProxy_A7WXBU4D8TLM875GZ4ZX9K9XC_126_0_1_0
 |- Actor Package: /Game/__ExternalActors__/Levels/Mundo/MunodBisku/2/XJ/UYY99UY688XAZ7WAD3LSMZ
 |- Actor Path: /Game/Levels/Mundo/MunodBisku.MunodBisku:PersistentLevel.LandscapeStreamingProxy_A7WXBU4D8TLM875GZ4ZX9K9XC_126_0_2_0
 |- Actor Package: /Game/__ExternalActors__/Levels/Mundo/MunodBisku/B/9M/BZWF3YE4H2LUUYLUPKH5FM
 |- Actor Path: /Game/Levels/Mundo/MunodBisku.MunodBisku:PersistentLevel.LandscapeStreamingProxy_A7WXBU4D8TLM875GZ4ZX9K9XC_126_1_0_0
 |- Actor Package: /Game/__ExternalActors__/Levels/Mundo/MunodBisku/4/YM/KECBSZTZC13C16THY9B8PZ
 |- Actor Path: /Game/Levels/Mundo/MunodBisku.MunodBisku:PersistentLevel.LandscapeStreamingProxy_A7WXBU4D8TLM875GZ4ZX9K9XC_126_1_1_0
 |- Actor Package: /Game/__ExternalActors__/Levels/Mundo/MunodBisku/1/L9/QHGE47KXXKBE4SFBYNN3LD
 |- Actor Path: /Game/Levels/Mundo/MunodBisku.MunodBisku:PersistentLevel.LandscapeStreamingProxy_A7WXBU4D8TLM875GZ4ZX9K9XC_126_1_2_0
 |- Actor Package: /Game/__ExternalActors__/Levels/Mundo/MunodBisku/9/6P/9OEABE7QVI88DTMM5WQR35
 |- Actor Path: /Game/Levels/Mundo/MunodBisku.MunodBisku:PersistentLevel.LandscapeStreamingProxy_A7WXBU4D8TLM875GZ4ZX9K9XC_126_2_0_0
 |- Actor Package: /Game/__ExternalActors__/Levels/Mundo/MunodBisku/3/9P/R059GV4YWLS80D525KGO0V
 |- Actor Path: /Game/Levels/Mundo/MunodBisku.MunodBisku:PersistentLevel.LandscapeStreamingProxy_A7WXBU4D8TLM875GZ4ZX9K9XC_126_2_1_0
 |- Actor Package: /Game/__ExternalActors__/Levels/Mundo/MunodBisku/4/MM/56A5YRNULOUWCX1K1UF7VQ
 |- Actor Path: /Game/Levels/Mundo/MunodBisku.MunodBisku:PersistentLevel.LandscapeStreamingProxy_A7WXBU4D8TLM875GZ4ZX9K9XC_126_2_2_0
 |- Actor Package: /Game/__ExternalActors__/Levels/Mundo/MunodBisku/B/T4/VEAF5AEVQON4N06Q6DZHO0
 |- Actor Path: /Game/Levels/Mundo/MunodBisku.MunodBisku:PersistentLevel.PlayerStart_0
 |- Actor Package: /Game/__ExternalActors__/Levels/Mundo/MunodBisku/7/Q9/8IFQADG9EH5HU3NQ7X53WO
 |- Actor Path: /Game/Levels/Mundo/MunodBisku.MunodBisku:PersistentLevel.PostProcessVolume_0
 |- Actor Package: /Game/__ExternalActors__/Levels/Mundo/MunodBisku/A/HB/BPIOIGY3Y3HPLAGKG4P2G6
 |- Actor Path: /Game/Levels/Mundo/MunodBisku.MunodBisku:PersistentLevel.SkyAtmosphere_0
 |- Actor Package: /Game/__ExternalActors__/Levels/Mundo/MunodBisku/F/4K/FTONWC2PWENQPPGMAH81AH
 |- Actor Path: /Game/Levels/Mundo/MunodBisku.MunodBisku:PersistentLevel.SkyLight_1
 |- Actor Package: /Game/__ExternalActors__/Levels/Mundo/MunodBisku/D/JI/O89B0S8JJVFWFYV58X6QQF
 |- Actor Path: /Game/Levels/Mundo/MunodBisku.MunodBisku:PersistentLevel.StaticMeshActor_1
 |- Actor Package: /Game/__ExternalActors__/Levels/Mundo/MunodBisku/4/NL/4ROUK8H6KJMNFSSLG6FCND
 |- Actor Path: /Game/Levels/Mundo/MunodBisku.MunodBisku:PersistentLevel.StaticMeshActor_UAID_18C04D45E5A1D9F101_1608670851
 |- Actor Package: /Game/__ExternalActors__/Levels/Mundo/MunodBisku/2/BM/NIS7J4W0P2V7YM2DWQ6E00
 |- Actor Path: /Game/Levels/Mundo/MunodBisku.MunodBisku:PersistentLevel.StaticMeshActor_UAID_18C04D45E5A1D9F101_1624604852
 |- Actor Package: /Game/__ExternalActors__/Levels/Mundo/MunodBisku/3/D3/WA0REX5Y1E164NI1W4L4R0
 |- Actor Path: /Game/Levels/Mundo/MunodBisku.MunodBisku:PersistentLevel.StaticMeshActor_UAID_18C04D45E5A1D9F101_1649182853
 |- Actor Package: /Game/__ExternalActors__/Levels/Mundo/MunodBisku/4/KC/D3DR783IMXIS4R87OP8FJJ
 |- Actor Path: /Game/Levels/Mundo/MunodBisku.MunodBisku:PersistentLevel.StaticMeshActor_UAID_18C04D45E5A1D9F101_1659671854
 |- Actor Package: /Game/__ExternalActors__/Levels/Mundo/MunodBisku/E/SY/DM5D4FER7C5COWVUYOZ7IQ
 |- Actor Path: /Game/Levels/Mundo/MunodBisku.MunodBisku:PersistentLevel.StaticMeshActor_UAID_18C04D45E5A1D9F101_1706315855
 |- Actor Package: /Game/__ExternalActors__/Levels/Mundo/MunodBisku/D/VB/0OIBO4F9J1YYB1HXRJDFJ5
 |- Actor Path: /Game/Levels/Mundo/MunodBisku.MunodBisku:PersistentLevel.StaticMeshActor_UAID_18C04D45E5A1D9F101_1742985857
 |- Actor Package: /Game/__ExternalActors__/Levels/Mundo/MunodBisku/6/TZ/J8HJ0UFZN70065K2Q38URF
 |- Actor Path: /Game/Levels/Mundo/MunodBisku.MunodBisku:PersistentLevel.StaticMeshActor_UAID_A4AE111137DC5EFB00_1110535423
 |- Actor Package: /Game/__ExternalActors__/Levels/Mundo/MunodBisku/0/8N/72NR4RTW6731G30ZG4U97R
 |- Actor Path: /Game/Levels/Mundo/MunodBisku.MunodBisku:PersistentLevel.VolumetricCloud_0
 |- Actor Package: /Game/__ExternalActors__/Levels/Mundo/MunodBisku/5/2X/H489NXFIMRL3DAWAZKMKF8
 |- Actor Path: /Game/Levels/Mundo/MunodBisku.MunodBisku:PersistentLevel.WorldDataLayers
 |- Actor Package: /Game/__ExternalActors__/Levels/Mundo/MunodBisku/4/AN/TC8GGKWSO1P7OVE2T6CCJX

----------------------------------------------------------------------------------------------------------------
MunodBisku - Runtime Spatial Hash
----------------------------------------------------------------------------------------------------------------
[+] StreamingGrids
 |- [+] MainGrid
 |   |-             Origin: X=0.000 Y=0.000 Z=0.000
 |   |-          Cell Size: 12800
 |   |-       World Bounds: IsValid=false, Min=(X=0.000 Y=0.000 Z=0.000), Max=(X=0.000 Y=0.000 Z=0.000)
 |   |-      Loading Range: 25600.00
 |   |- Block Slow Loading: No
 |   |-  ClientOnlyVisible: No
 |   |- 
 |   |- [+] Grid Levels: 1
 |   |   |- Level  0: Cell Count    0 | Cell Size   12800 | Actor Count    0 (0.0%)
 |   |- 
 |   |- [+] Content of Grid Level 0
 |   |- 
