[+] Containers:
 |- [+] Container: /Game/Levels/Mundo/MunodBisku
 |   |- [+] ActorDescs:
 |   |   |- Guid:0B99D677438A79C55D9DDE9DDB227B51 BaseClass: NativeClass:/Script/Engine.StaticMeshActor Name:StaticMeshActor_UAID_A4AE111137DC5EFB00_1110535423 Label:SM_SkySphere SpatiallyLoaded:0 Bounds:IsValid=true, Min=(X=-1638400.000 Y=-1638400.000 Z=-1638400.000), Max=(X=1638400.000 Y=1638400.000 Z=1638400.000) RuntimeGrid:None EditorOnly:0 RuntimeOnly:0 HLODRelevant:0 ListedInSceneOutliner:1 IsMainWorldOnly:0 FolderPath:Lighting FolderGuid:963EC3EB4002CCE9759E2EBA541A873A
 |   |   |- Guid:3232A78D46DC046EB9FDB589FF10B039 BaseClass: NativeClass:/Script/Landscape.Landscape Name:Landscape_UAID_18C04D45E5A1D3F101_1990276791 Label:Landscape SpatiallyLoaded:0 Bounds:IsValid=true, Min=(X=-9400.000 Y=-9400.000 Z=100.000), Max=(X=-9400.000 Y=-9400.000 Z=100.000) RuntimeGrid:None EditorOnly:0 RuntimeOnly:0 HLODRelevant:0 ListedInSceneOutliner:1 IsMainWorldOnly:0
 |   |   |- Guid:3FC130DE4DE451B82FF0D4BDF4032ECC BaseClass: NativeClass:/Script/Engine.SkyAtmosphere Name:SkyAtmosphere_0 Label:SkyAtmosphere SpatiallyLoaded:0 Bounds:IsValid=true, Min=(X=0.000 Y=0.000 Z=1020.000), Max=(X=0.000 Y=0.000 Z=1020.000) RuntimeGrid:None EditorOnly:0 RuntimeOnly:0 HLODRelevant:0 ListedInSceneOutliner:1 IsMainWorldOnly:0 FolderPath:Lighting FolderGuid:963EC3EB4002CCE9759E2EBA541A873A
 |   |   |- Guid:5083A6504C0415D0F38F649D612E0067 BaseClass: NativeClass:/Script/Landscape.LandscapeStreamingProxy Name:LandscapeStreamingProxy_1V7MQIP09B2KVQ0W8ES076MZS_126_0_1_0 Label:LandscapeStreamingProxy_0_1_0 SpatiallyLoaded:1 Bounds:IsValid=true, Min=(X=-9400.000 Y=3200.000 Z=100.000), Max=(X=3200.000 Y=9500.000 Z=100.000) RuntimeGrid:None EditorOnly:0 RuntimeOnly:0 HLODRelevant:1 ListedInSceneOutliner:1 IsMainWorldOnly:0
 |   |   |- Guid:5B00E5884FD50C219922FB98ECADB9DB BaseClass: NativeClass:/Script/Engine.WorldDataLayers Name:WorldDataLayers Label:WorldDataLayers SpatiallyLoaded:0 Bounds:Invalid RuntimeGrid:None EditorOnly:0 RuntimeOnly:0 HLODRelevant:0 ListedInSceneOutliner:1 IsMainWorldOnly:1
 |   |   |- Guid:5B1CC3E746CE59E6010B0D81649709DD BaseClass: NativeClass:/Script/Landscape.LandscapeStreamingProxy Name:LandscapeStreamingProxy_1V7MQIP09B2KVQ0W8ES076MZS_126_1_1_0 Label:LandscapeStreamingProxy_1_1_0 SpatiallyLoaded:1 Bounds:IsValid=true, Min=(X=3200.000 Y=3200.000 Z=100.000), Max=(X=9500.000 Y=9500.000 Z=100.000) RuntimeGrid:None EditorOnly:0 RuntimeOnly:0 HLODRelevant:1 ListedInSceneOutliner:1 IsMainWorldOnly:0
 |   |   |- Guid:69BD58874C93856475F6CCA375A9B893 BaseClass: NativeClass:/Script/Engine.PostProcessVolume Name:PostProcessVolume_0 Label:PostProcessVolume SpatiallyLoaded:0 Bounds:IsValid=true, Min=(X=0.000 Y=0.000 Z=400.000), Max=(X=200.000 Y=200.000 Z=600.000) RuntimeGrid:None EditorOnly:0 RuntimeOnly:0 HLODRelevant:0 ListedInSceneOutliner:1 IsMainWorldOnly:0 FolderPath:Lighting FolderGuid:963EC3EB4002CCE9759E2EBA541A873A
 |   |   |- Guid:964AD2514C34E88BFE014093E65E16D3 BaseClass: NativeClass:/Script/Engine.PlayerStart Name:PlayerStart_0 Label:PlayerStart SpatiallyLoaded:0 Bounds:IsValid=true, Min=(X=2300.000 Y=140.000 Z=146.077), Max=(X=2380.000 Y=220.000 Z=330.077) RuntimeGrid:None EditorOnly:0 RuntimeOnly:0 HLODRelevant:0 ListedInSceneOutliner:1 IsMainWorldOnly:0
 |   |   |- Guid:B420C28744B6559A4473D49EE09B03EA BaseClass: NativeClass:/Script/Landscape.LandscapeStreamingProxy Name:LandscapeStreamingProxy_1V7MQIP09B2KVQ0W8ES076MZS_126_1_0_0 Label:LandscapeStreamingProxy_1_0_0 SpatiallyLoaded:1 Bounds:IsValid=true, Min=(X=3200.000 Y=-9400.000 Z=100.000), Max=(X=9500.000 Y=3200.000 Z=100.000) RuntimeGrid:None EditorOnly:0 RuntimeOnly:0 HLODRelevant:1 ListedInSceneOutliner:1 IsMainWorldOnly:0
 |   |   |- Guid:BF0CF11A4D0F67B992AABE9CF040D0A6 BaseClass: NativeClass:/Script/Landscape.LandscapeStreamingProxy Name:LandscapeStreamingProxy_1V7MQIP09B2KVQ0W8ES076MZS_126_0_0_0 Label:LandscapeStreamingProxy_0_0_0 SpatiallyLoaded:1 Bounds:IsValid=true, Min=(X=-9400.000 Y=-9400.000 Z=100.000), Max=(X=3200.000 Y=3200.000 Z=100.000) RuntimeGrid:None EditorOnly:0 RuntimeOnly:0 HLODRelevant:1 ListedInSceneOutliner:1 IsMainWorldOnly:0
 |   |   |- Guid:C17F079541F23ECADFE1FEAE0D9D5F26 BaseClass: NativeClass:/Script/Engine.DirectionalLight Name:DirectionalLight_0 Label:DirectionalLight SpatiallyLoaded:0 Bounds:Invalid RuntimeGrid:None EditorOnly:0 RuntimeOnly:0 HLODRelevant:0 ListedInSceneOutliner:1 IsMainWorldOnly:0 FolderPath:Lighting FolderGuid:963EC3EB4002CCE9759E2EBA541A873A
 |   |   |- Guid:C78161B4428710B38768D3A20824608A BaseClass: NativeClass:/Script/Engine.VolumetricCloud Name:VolumetricCloud_0 Label:VolumetricCloud SpatiallyLoaded:0 Bounds:IsValid=true, Min=(X=0.000 Y=0.000 Z=820.000), Max=(X=0.000 Y=0.000 Z=820.000) RuntimeGrid:None EditorOnly:0 RuntimeOnly:0 HLODRelevant:0 ListedInSceneOutliner:1 IsMainWorldOnly:0 FolderPath:Lighting FolderGuid:963EC3EB4002CCE9759E2EBA541A873A
 |   |   |- Guid:E2FE1D1543483BB9949004AAA176BF72 BaseClass: NativeClass:/Script/Engine.SkyLight Name:SkyLight_1 Label:SkyLight SpatiallyLoaded:0 Bounds:IsValid=true, Min=(X=0.000 Y=0.000 Z=690.000), Max=(X=0.000 Y=0.000 Z=690.000) RuntimeGrid:None EditorOnly:0 RuntimeOnly:0 HLODRelevant:0 ListedInSceneOutliner:1 IsMainWorldOnly:0 FolderPath:Lighting FolderGuid:963EC3EB4002CCE9759E2EBA541A873A
 |   |   |- Guid:EEEC3D534BF4A09267AE5586FE7BC212 BaseClass: NativeClass:/Script/Engine.ExponentialHeightFog Name:ExponentialHeightFog_0 Label:ExponentialHeightFog SpatiallyLoaded:0 Bounds:IsValid=true, Min=(X=-5600.000 Y=-50.000 Z=-6850.000), Max=(X=-5600.000 Y=-50.000 Z=-6850.000) RuntimeGrid:None EditorOnly:0 RuntimeOnly:0 HLODRelevant:0 ListedInSceneOutliner:1 IsMainWorldOnly:0 FolderPath:Lighting FolderGuid:963EC3EB4002CCE9759E2EBA541A873A
 |   |- [+] Clusters:
 |   |   |- [+] [  0]
 |   |   |   |- Guid:0B99D677438A79C55D9DDE9DDB227B51 BaseClass: NativeClass:/Script/Engine.StaticMeshActor Name:StaticMeshActor_UAID_A4AE111137DC5EFB00_1110535423 Label:SM_SkySphere SpatiallyLoaded:0 Bounds:IsValid=true, Min=(X=-1638400.000 Y=-1638400.000 Z=-1638400.000), Max=(X=1638400.000 Y=1638400.000 Z=1638400.000) RuntimeGrid:None EditorOnly:0 RuntimeOnly:0 HLODRelevant:0 ListedInSceneOutliner:1 IsMainWorldOnly:0 FolderPath:Lighting FolderGuid:963EC3EB4002CCE9759E2EBA541A873A
 |   |   |- [+] [  1]
 |   |   |   |- Guid:3232A78D46DC046EB9FDB589FF10B039 BaseClass: NativeClass:/Script/Landscape.Landscape Name:Landscape_UAID_18C04D45E5A1D3F101_1990276791 Label:Landscape SpatiallyLoaded:0 Bounds:IsValid=true, Min=(X=-9400.000 Y=-9400.000 Z=100.000), Max=(X=-9400.000 Y=-9400.000 Z=100.000) RuntimeGrid:None EditorOnly:0 RuntimeOnly:0 HLODRelevant:0 ListedInSceneOutliner:1 IsMainWorldOnly:0
 |   |   |- [+] [  2]
 |   |   |   |- Guid:3FC130DE4DE451B82FF0D4BDF4032ECC BaseClass: NativeClass:/Script/Engine.SkyAtmosphere Name:SkyAtmosphere_0 Label:SkyAtmosphere SpatiallyLoaded:0 Bounds:IsValid=true, Min=(X=0.000 Y=0.000 Z=1020.000), Max=(X=0.000 Y=0.000 Z=1020.000) RuntimeGrid:None EditorOnly:0 RuntimeOnly:0 HLODRelevant:0 ListedInSceneOutliner:1 IsMainWorldOnly:0 FolderPath:Lighting FolderGuid:963EC3EB4002CCE9759E2EBA541A873A
 |   |   |- [+] [  3]
 |   |   |   |- Guid:5083A6504C0415D0F38F649D612E0067 BaseClass: NativeClass:/Script/Landscape.LandscapeStreamingProxy Name:LandscapeStreamingProxy_1V7MQIP09B2KVQ0W8ES076MZS_126_0_1_0 Label:LandscapeStreamingProxy_0_1_0 SpatiallyLoaded:1 Bounds:IsValid=true, Min=(X=-9400.000 Y=3200.000 Z=100.000), Max=(X=3200.000 Y=9500.000 Z=100.000) RuntimeGrid:None EditorOnly:0 RuntimeOnly:0 HLODRelevant:1 ListedInSceneOutliner:1 IsMainWorldOnly:0
 |   |   |- [+] [  4]
 |   |   |   |- Guid:5B00E5884FD50C219922FB98ECADB9DB BaseClass: NativeClass:/Script/Engine.WorldDataLayers Name:WorldDataLayers Label:WorldDataLayers SpatiallyLoaded:0 Bounds:Invalid RuntimeGrid:None EditorOnly:0 RuntimeOnly:0 HLODRelevant:0 ListedInSceneOutliner:1 IsMainWorldOnly:1
 |   |   |- [+] [  5]
 |   |   |   |- Guid:5B1CC3E746CE59E6010B0D81649709DD BaseClass: NativeClass:/Script/Landscape.LandscapeStreamingProxy Name:LandscapeStreamingProxy_1V7MQIP09B2KVQ0W8ES076MZS_126_1_1_0 Label:LandscapeStreamingProxy_1_1_0 SpatiallyLoaded:1 Bounds:IsValid=true, Min=(X=3200.000 Y=3200.000 Z=100.000), Max=(X=9500.000 Y=9500.000 Z=100.000) RuntimeGrid:None EditorOnly:0 RuntimeOnly:0 HLODRelevant:1 ListedInSceneOutliner:1 IsMainWorldOnly:0
 |   |   |- [+] [  6]
 |   |   |   |- Guid:69BD58874C93856475F6CCA375A9B893 BaseClass: NativeClass:/Script/Engine.PostProcessVolume Name:PostProcessVolume_0 Label:PostProcessVolume SpatiallyLoaded:0 Bounds:IsValid=true, Min=(X=0.000 Y=0.000 Z=400.000), Max=(X=200.000 Y=200.000 Z=600.000) RuntimeGrid:None EditorOnly:0 RuntimeOnly:0 HLODRelevant:0 ListedInSceneOutliner:1 IsMainWorldOnly:0 FolderPath:Lighting FolderGuid:963EC3EB4002CCE9759E2EBA541A873A
 |   |   |- [+] [  7]
 |   |   |   |- Guid:964AD2514C34E88BFE014093E65E16D3 BaseClass: NativeClass:/Script/Engine.PlayerStart Name:PlayerStart_0 Label:PlayerStart SpatiallyLoaded:0 Bounds:IsValid=true, Min=(X=2300.000 Y=140.000 Z=146.077), Max=(X=2380.000 Y=220.000 Z=330.077) RuntimeGrid:None EditorOnly:0 RuntimeOnly:0 HLODRelevant:0 ListedInSceneOutliner:1 IsMainWorldOnly:0
 |   |   |- [+] [  8]
 |   |   |   |- Guid:B420C28744B6559A4473D49EE09B03EA BaseClass: NativeClass:/Script/Landscape.LandscapeStreamingProxy Name:LandscapeStreamingProxy_1V7MQIP09B2KVQ0W8ES076MZS_126_1_0_0 Label:LandscapeStreamingProxy_1_0_0 SpatiallyLoaded:1 Bounds:IsValid=true, Min=(X=3200.000 Y=-9400.000 Z=100.000), Max=(X=9500.000 Y=3200.000 Z=100.000) RuntimeGrid:None EditorOnly:0 RuntimeOnly:0 HLODRelevant:1 ListedInSceneOutliner:1 IsMainWorldOnly:0
 |   |   |- [+] [  9]
 |   |   |   |- Guid:BF0CF11A4D0F67B992AABE9CF040D0A6 BaseClass: NativeClass:/Script/Landscape.LandscapeStreamingProxy Name:LandscapeStreamingProxy_1V7MQIP09B2KVQ0W8ES076MZS_126_0_0_0 Label:LandscapeStreamingProxy_0_0_0 SpatiallyLoaded:1 Bounds:IsValid=true, Min=(X=-9400.000 Y=-9400.000 Z=100.000), Max=(X=3200.000 Y=3200.000 Z=100.000) RuntimeGrid:None EditorOnly:0 RuntimeOnly:0 HLODRelevant:1 ListedInSceneOutliner:1 IsMainWorldOnly:0
 |   |   |- [+] [ 10]
 |   |   |   |- Guid:C17F079541F23ECADFE1FEAE0D9D5F26 BaseClass: NativeClass:/Script/Engine.DirectionalLight Name:DirectionalLight_0 Label:DirectionalLight SpatiallyLoaded:0 Bounds:Invalid RuntimeGrid:None EditorOnly:0 RuntimeOnly:0 HLODRelevant:0 ListedInSceneOutliner:1 IsMainWorldOnly:0 FolderPath:Lighting FolderGuid:963EC3EB4002CCE9759E2EBA541A873A
 |   |   |- [+] [ 11]
 |   |   |   |- Guid:C78161B4428710B38768D3A20824608A BaseClass: NativeClass:/Script/Engine.VolumetricCloud Name:VolumetricCloud_0 Label:VolumetricCloud SpatiallyLoaded:0 Bounds:IsValid=true, Min=(X=0.000 Y=0.000 Z=820.000), Max=(X=0.000 Y=0.000 Z=820.000) RuntimeGrid:None EditorOnly:0 RuntimeOnly:0 HLODRelevant:0 ListedInSceneOutliner:1 IsMainWorldOnly:0 FolderPath:Lighting FolderGuid:963EC3EB4002CCE9759E2EBA541A873A
 |   |   |- [+] [ 12]
 |   |   |   |- Guid:E2FE1D1543483BB9949004AAA176BF72 BaseClass: NativeClass:/Script/Engine.SkyLight Name:SkyLight_1 Label:SkyLight SpatiallyLoaded:0 Bounds:IsValid=true, Min=(X=0.000 Y=0.000 Z=690.000), Max=(X=0.000 Y=0.000 Z=690.000) RuntimeGrid:None EditorOnly:0 RuntimeOnly:0 HLODRelevant:0 ListedInSceneOutliner:1 IsMainWorldOnly:0 FolderPath:Lighting FolderGuid:963EC3EB4002CCE9759E2EBA541A873A
 |   |   |- [+] [ 13]
 |   |   |   |- Guid:EEEC3D534BF4A09267AE5586FE7BC212 BaseClass: NativeClass:/Script/Engine.ExponentialHeightFog Name:ExponentialHeightFog_0 Label:ExponentialHeightFog SpatiallyLoaded:0 Bounds:IsValid=true, Min=(X=-5600.000 Y=-50.000 Z=-6850.000), Max=(X=-5600.000 Y=-50.000 Z=-6850.000) RuntimeGrid:None EditorOnly:0 RuntimeOnly:0 HLODRelevant:0 ListedInSceneOutliner:1 IsMainWorldOnly:0 FolderPath:Lighting FolderGuid:963EC3EB4002CCE9759E2EBA541A873A
 |- ContainerInstances:
 |- [+] MainContainer:
 |   |-        ID: 00000000000000000000000000000000
 |   |-  ParentID: 00000000000000000000000000000000
 |   |-    Bounds: IsValid=false, Min=(X=0.000 Y=0.000 Z=0.000), Max=(X=0.000 Y=0.000 Z=0.000)
 |   |- Transform: 0.000000,0.000000,0.000000|0.000000,0.000000,-0.000000|1.000000,1.000000,1.000000
 |   |- Container: /Game/Levels/Mundo/MunodBisku
----------------------------------------------------------------------------------------------------------------
MunodBisku - Persistent Level
----------------------------------------------------------------------------------------------------------------
[+] Content of MunodBisku Persistent Level
 |- Always loaded Actor Count: 14 
 |- Actor Path: /Game/Levels/Mundo/MunodBisku.MunodBisku:PersistentLevel.DirectionalLight_0
 |- Actor Package: /Game/__ExternalActors__/Levels/Mundo/MunodBisku/7/VN/41G3HLBSSAQZEQH818YLQ3
 |- Actor Path: /Game/Levels/Mundo/MunodBisku.MunodBisku:PersistentLevel.ExponentialHeightFog_0
 |- Actor Package: /Game/__ExternalActors__/Levels/Mundo/MunodBisku/8/GB/3ACLYKJGLHBI6OGJOOO9TH
 |- Actor Path: /Game/Levels/Mundo/MunodBisku.MunodBisku:PersistentLevel.Landscape_UAID_18C04D45E5A1D3F101_1990276791
 |- Actor Package: /Game/__ExternalActors__/Levels/Mundo/MunodBisku/6/G9/DOHTKKG6O50SG1G083D5N1
 |- Actor Path: /Game/Levels/Mundo/MunodBisku.MunodBisku:PersistentLevel.LandscapeStreamingProxy_1V7MQIP09B2KVQ0W8ES076MZS_126_0_0_0
 |- Actor Package: /Game/__ExternalActors__/Levels/Mundo/MunodBisku/3/G5/QWII10RKSSD2S1LF9Z1YF7
 |- Actor Path: /Game/Levels/Mundo/MunodBisku.MunodBisku:PersistentLevel.LandscapeStreamingProxy_1V7MQIP09B2KVQ0W8ES076MZS_126_0_1_0
 |- Actor Package: /Game/__ExternalActors__/Levels/Mundo/MunodBisku/1/7N/5UEMWDDQSR2G34QNSW0EYK
 |- Actor Path: /Game/Levels/Mundo/MunodBisku.MunodBisku:PersistentLevel.LandscapeStreamingProxy_1V7MQIP09B2KVQ0W8ES076MZS_126_1_0_0
 |- Actor Package: /Game/__ExternalActors__/Levels/Mundo/MunodBisku/2/T2/8Q0L5NYIT04YRG91V2GD9A
 |- Actor Path: /Game/Levels/Mundo/MunodBisku.MunodBisku:PersistentLevel.LandscapeStreamingProxy_1V7MQIP09B2KVQ0W8ES076MZS_126_1_1_0
 |- Actor Package: /Game/__ExternalActors__/Levels/Mundo/MunodBisku/C/LX/GGS5ZPJWXNGAURPI81W0JT
 |- Actor Path: /Game/Levels/Mundo/MunodBisku.MunodBisku:PersistentLevel.PlayerStart_0
 |- Actor Package: /Game/__ExternalActors__/Levels/Mundo/MunodBisku/7/Q9/8IFQADG9EH5HU3NQ7X53WO
 |- Actor Path: /Game/Levels/Mundo/MunodBisku.MunodBisku:PersistentLevel.PostProcessVolume_0
 |- Actor Package: /Game/__ExternalActors__/Levels/Mundo/MunodBisku/A/HB/BPIOIGY3Y3HPLAGKG4P2G6
 |- Actor Path: /Game/Levels/Mundo/MunodBisku.MunodBisku:PersistentLevel.SkyAtmosphere_0
 |- Actor Package: /Game/__ExternalActors__/Levels/Mundo/MunodBisku/F/4K/FTONWC2PWENQPPGMAH81AH
 |- Actor Path: /Game/Levels/Mundo/MunodBisku.MunodBisku:PersistentLevel.SkyLight_1
 |- Actor Package: /Game/__ExternalActors__/Levels/Mundo/MunodBisku/D/JI/O89B0S8JJVFWFYV58X6QQF
 |- Actor Path: /Game/Levels/Mundo/MunodBisku.MunodBisku:PersistentLevel.StaticMeshActor_UAID_A4AE111137DC5EFB00_1110535423
 |- Actor Package: /Game/__ExternalActors__/Levels/Mundo/MunodBisku/0/8N/72NR4RTW6731G30ZG4U97R
 |- Actor Path: /Game/Levels/Mundo/MunodBisku.MunodBisku:PersistentLevel.VolumetricCloud_0
 |- Actor Package: /Game/__ExternalActors__/Levels/Mundo/MunodBisku/5/2X/H489NXFIMRL3DAWAZKMKF8
 |- Actor Path: /Game/Levels/Mundo/MunodBisku.MunodBisku:PersistentLevel.WorldDataLayers
 |- Actor Package: /Game/__ExternalActors__/Levels/Mundo/MunodBisku/4/AN/TC8GGKWSO1P7OVE2T6CCJX

----------------------------------------------------------------------------------------------------------------
MunodBisku - Runtime Spatial Hash
----------------------------------------------------------------------------------------------------------------
[+] StreamingGrids
 |- [+] MainGrid
 |   |-             Origin: X=0.000 Y=0.000 Z=0.000
 |   |-          Cell Size: 12800
 |   |-       World Bounds: IsValid=false, Min=(X=0.000 Y=0.000 Z=0.000), Max=(X=0.000 Y=0.000 Z=0.000)
 |   |-      Loading Range: 25600.00
 |   |- Block Slow Loading: No
 |   |-  ClientOnlyVisible: No
 |   |- 
 |   |- [+] Grid Levels: 1
 |   |   |- Level  0: Cell Count    0 | Cell Size   12800 | Actor Count    0 (0.0%)
 |   |- 
 |   |- [+] Content of Grid Level 0
 |   |- 
